<?xml version="1.0" encoding="UTF-8"?>
<testsuite xmlns:xsi="http://www.w3.org/2001/XMLSchema-instance" xsi:noNamespaceSchemaLocation="https://maven.apache.org/surefire/maven-surefire-plugin/xsd/surefire-test-report-3.0.xsd" version="3.0" name="com.ordoengine.sdk.OrdoClientBuilderTest" time="0.197" tests="6" errors="0" skipped="0" failures="0">
  <properties>
[...]
</properties>
  <testcase name="withRetryConfig" classname="com.ordoengine.sdk.OrdoClientBuilderTest" time="0.193"/>
  <testcase name="defaultBuild" classname="com.ordoengine.sdk.OrdoClientBuilderTest" time="0.001"/>
  <testcase name="grpcOnlyWithoutAddressThrows" classname="com.ordoengine.sdk.OrdoClientBuilderTest" time="0.001"/>
  <testcase name="bothOnlyModesThrows" classname="com.ordoengine.sdk.OrdoClientBuilderTest" time="0.0"/>
  <testcase name="httpOnlyBuild" classname="com.ordoengine.sdk.OrdoClientBuilderTest" time="0.001"/>
  <testcase name="withTenantId" classname="com.ordoengine.sdk.OrdoClientBuilderTest" time="0.0"/>
</testsuite>